
Populatia initiala: 
Probabilitate selectie:
Cromozomul 01  - probabilitate 0.04419366712578141
Cromozomul 02  - probabilitate 0.04265404174328838
Cromozomul 03  - probabilitate 0.04993059066652988
Cromozomul 04  - probabilitate 0.05785808513795697
Cromozomul 05  - probabilitate 0.037604200067642916
Cromozomul 06  - probabilitate 0.04501982359188554
Cromozomul 07  - probabilitate 0.05320666893669851
Cromozomul 08  - probabilitate 0.03766572961589278
Cromozomul 09  - probabilitate 0.039352675743622646
Cromozomul 10  - probabilitate 0.045042820933951386
Cromozomul 11  - probabilitate 0.03853095527085376
Cromozomul 12  - probabilitate 0.04335252583267327
Cromozomul 13  - probabilitate 0.04804181917269555
Cromozomul 14  - probabilitate 0.06526709712985368
Cromozomul 15  - probabilitate 0.049890869253362724
Cromozomul 16  - probabilitate 0.06377918548072008
Cromozomul 17  - probabilitate 0.05222034942012519
Cromozomul 18  - probabilitate 0.06232986537785321
Cromozomul 19  - probabilitate 0.05641569812732935
Cromozomul 20  - probabilitate 0.06764333137128273

 Intrevalele formate:
q01 = [0, 0.04419366712578141]
q02 = [0.04419366712578141, 0.08684770886906978]
q03 = [0.08684770886906978, 0.13677829953559967]
q04 = [0.13677829953559967, 0.19463638467355665]
q05 = [0.19463638467355665, 0.23224058474119957]
q06 = [0.23224058474119957, 0.27726040833308513]
q07 = [0.27726040833308513, 0.33046707726978364]
q08 = [0.33046707726978364, 0.3681328068856764]
q09 = [0.3681328068856764, 0.40748548262929907]
q10 = [0.40748548262929907, 0.45252830356325047]
q11 = [0.45252830356325047, 0.49105925883410423]
q12 = [0.49105925883410423, 0.5344117846667775]
q13 = [0.5344117846667775, 0.5824536038394731]
q14 = [0.5824536038394731, 0.6477207009693268]
q15 = [0.6477207009693268, 0.6976115702226895]
q16 = [0.6976115702226895, 0.7613907557034095]
q17 = [0.7613907557034095, 0.8136111051235347]
q18 = [0.8136111051235347, 0.875940970501388]
q19 = [0.875940970501388, 0.9323566686287174]
q20 = [0.9323566686287174, 1]
Selectie elitista: alegem cromozomul 20
numarul: 0.9165370046330596|-> cromozomul 19
numarul: 0.17742745340248745|-> cromozomul 4
numarul: 0.08528445166330945|-> cromozomul 2
numarul: 0.5412439243211351|-> cromozomul 13
numarul: 0.19362618728020164|-> cromozomul 4
numarul: 0.8347365856989466|-> cromozomul 18
numarul: 0.04850044971849565|-> cromozomul 2
numarul: 0.3518117763163845|-> cromozomul 8
numarul: 0.08911460747619426|-> cromozomul 3
numarul: 0.7682508946790155|-> cromozomul 17
numarul: 0.08683362007907769|-> cromozomul 2
numarul: 0.4554649319245203|-> cromozomul 11
numarul: 0.21876502819538945|-> cromozomul 5
numarul: 0.15682023356088415|-> cromozomul 4
numarul: 0.22089685236817125|-> cromozomul 5
numarul: 0.8126468049944546|-> cromozomul 17
numarul: 0.04552698612184758|-> cromozomul 2
numarul: 0.41552264773723524|-> cromozomul 10
numarul: 0.030568158927606004|-> cromozomul 1

 Selectie:
 Cromozom 01 1111001010111111001101 x= 2.844690 f(x)=4.558191196099999
 Cromozom 02 1101000100000100110001 x= 2.449437 f(x)=3.651430616969
 Cromozom 03 1011101100111100101001 x= 2.194182 f(x)=3.2318886491239995
 Cromozom 04 1011011101010011101110 x= 2.148364 f(x)=3.170375876496
 Cromozom 05 1101000100000100110001 x= 2.449437 f(x)=3.651430616969
 Cromozom 06 1101100000111001001011 x= 2.533867 f(x)=3.8188809736889997
 Cromozom 07 1011101100111100101001 x= 2.194182 f(x)=3.2318886491239995
 Cromozom 08 1101101100100110110001 x= 2.568181 f(x)=3.891010648761
 Cromozom 09 1011001111011011010110 x= 2.107697 f(x)=3.119295643809
 Cromozom 10 1111011000001111111000 x= 2.883539 f(x)=4.6641801645209995
 Cromozom 11 1011101100111100101001 x= 2.194182 f(x)=3.2318886491239995
 Cromozom 12 1011111011110000001000 x= 2.237555 f(x)=3.293987378025
 Cromozom 13 0001100000100101100001 x= 0.282967 f(x)=4.2311693230889995
 Cromozom 14 1101000100000100110001 x= 2.449437 f(x)=3.651430616969
 Cromozom 15 0001100000100101100001 x= 0.282967 f(x)=4.2311693230889995
 Cromozom 16 1111011000001111111000 x= 2.883539 f(x)=4.6641801645209995
 Cromozom 17 1011101100111100101001 x= 2.194182 f(x)=3.2318886491239995
 Cromozom 18 1001111010000011100010 x= 1.857584 f(x)=2.877866317056
 Cromozom 19 0000000110000101111110 x= 0.017851 f(x)=4.9467656582010004

Incrucisare:
Probabilitate: 0.25
Cromozom 01 1111001010111111001101 numarul: 0.910315114906748
Cromozom 02 1101000100000100110001 numarul: 0.46661379947474535
Cromozom 03 1011101100111100101001 numarul: 0.3479598130736311
Cromozom 04 1011011101010011101110 numarul: 0.2958225730939964
Cromozom 05 1101000100000100110001 numarul: 0.8415914070166977
Cromozom 06 1101100000111001001011 numarul: 0.14168210832708705<0.25 =>PARTICIPA
Cromozom 07 1011101100111100101001 numarul: 0.908814282509446
Cromozom 08 1101101100100110110001 numarul: 0.3949151785795343
Cromozom 09 1011001111011011010110 numarul: 0.9753161418469539
Cromozom 10 1111011000001111111000 numarul: 0.9675879124802784
Cromozom 11 1011101100111100101001 numarul: 0.4176674778293511
Cromozom 12 1011111011110000001000 numarul: 0.10089379352577876<0.25 =>PARTICIPA
Cromozom 13 0001100000100101100001 numarul: 0.8962483747502957
Cromozom 14 1101000100000100110001 numarul: 0.1618402996225291<0.25 =>PARTICIPA
Cromozom 15 0001100000100101100001 numarul: 0.5894173183524045
Cromozom 16 1111011000001111111000 numarul: 0.1596213110660939<0.25 =>PARTICIPA
Cromozom 17 1011101100111100101001 numarul: 0.295965158248483
Cromozom 18 1001111010000011100010 numarul: 0.3988883477566655
Cromozom 19 0000000110000101111110 numarul: 0.5438403229627532

Recombinarea dintre 14 si 12:
1101000100000100110001 1011111011110000001000 punct 21
Rez: -> 110100010000010011000
<reversedobjectat0x000002389008FF40> 110100010000010011000
<reversedobjectat0x000002389008F4C0>
Recombinarea dintre 6 si 16:
1101100000111001001011 1111011000001111111000 punct 1
Rez: -> 1<reversedobjectat0x000002389008FFA0> 1<reversedobjectat0x000002389008F550>
 Cromozom 01 1111001010111111001101 x= 2.844690 f(x)=4.558191196099999
 Cromozom 02 1101000100000100110001 x= 2.449437 f(x)=3.651430616969
 Cromozom 03 1011101100111100101001 x= 2.194182 f(x)=3.2318886491239995
 Cromozom 04 1011011101010011101110 x= 2.148364 f(x)=3.170375876496
 Cromozom 05 1101000100000100110001 x= 2.449437 f(x)=3.651430616969
